<?xml version="1.0" encoding="UTF-8"?>
<!-- Generated by org.testng.reporters.JUnitReportReporter -->
<testsuite hostname="LAPTOP-J1D6NOHE" failures="0" tests="1" name="log4j.Log4j" time="7.490" errors="0" timestamp="02 Mar 2023 11:22:56 GMT" skipped="0">
  <testcase classname="log4j.Log4j" name="navigate" time="7.490"/>
</testsuite> <!-- log4j.Log4j -->
