<?xml version="1.0" encoding="UTF-8"?>
<!-- Generated by org.testng.reporters.JUnitReportReporter -->
<testsuite hostname="LAPTOP-J1D6NOHE" failures="0" tests="1" name="abc.MavenProject.TC_002" time="5.893" errors="0" timestamp="07 Feb 2023 11:05:55 GMT" skipped="0">
  <testcase classname="abc.MavenProject.TC_002" name="launch" time="5.893"/>
</testsuite> <!-- abc.MavenProject.TC_002 -->
