<?xml version="1.0" encoding="UTF-8"?>
<!-- Generated by org.testng.reporters.JUnitReportReporter -->
<testsuite hostname="LAPTOP-J1D6NOHE" failures="0" tests="1" name="extentReport.ExtentReports" time="4.326" errors="0" timestamp="27 Feb 2023 16:33:44 GMT" skipped="0">
  <testcase classname="extentReport.ExtentReports" name="TestReport" time="4.326"/>
</testsuite> <!-- extentReport.ExtentReports -->
