<?xml version="1.0" encoding="UTF-8"?>
<!-- Generated by org.testng.reporters.JUnitReportReporter -->
<testsuite hostname="LAPTOP-J1D6NOHE" failures="0" tests="1" name="log4j.testlogs" time="11.080" errors="0" timestamp="28 Feb 2023 18:18:11 GMT" skipped="0">
  <testcase classname="log4j.testlogs" name="checklogs" time="11.080"/>
</testsuite> <!-- log4j.testlogs -->
