<?xml version="1.0" encoding="UTF-8"?>
<!-- Generated by org.testng.reporters.JUnitReportReporter -->
<testsuite hostname="LAPTOP-J1D6NOHE" failures="0" tests="1" name="extentReport.ExtentReport" time="6.329" errors="0" timestamp="27 Feb 2023 17:10:13 GMT" skipped="0">
  <testcase classname="extentReport.ExtentReport" name="TestReport" time="6.329"/>
</testsuite> <!-- extentReport.ExtentReport -->
